<?xml version="1.0" encoding="UTF-8"?>
<robot generator="Robot 5.0 (Python 3.10.4 on win32)" generated="20220506 15:33:05.837" rpa="false" schemaversion="3">
<suite id="s1" name="Demo8 Alert Suite" source="F:\Robot_session\Robot_Project\Selenium_suite\demo8_alert_suite.robot">
<test id="s1-t1" name="Tc1" line="8">
<kw name="Append To Environment Variable" library="OperatingSystem">
<arg>path</arg>
<arg>F:\\Robot_session\\driver\\chromedriver_win32</arg>
<doc>Appends given ``values`` to environment variable ``name``.</doc>
<msg timestamp="20220506 15:33:06.723" level="INFO">Environment variable 'path' set to value 'C:\Windows\system32;C:\Windows;C:\Windows\System32\Wbem;C:\Windows\System32\WindowsPowerShell\v1.0\;C:\Windows\System32\OpenSSH\;C:\Program Files\nodejs\;E:\Software\jdk-17.0.2\bin;C:\Program Files\Git\cmd;C:\MinGW\bin;C;C:\Users\HP\AppData\Local\Programs\Python\Python310;C:\Users\HP\AppData\Local\Programs\Python\Python310\Scripts;C:\Users\HP\AppData\Local\Programs\Python\Python310\Scripts\;C:\Users\HP\AppData\Local\Programs\Python\Python310\;C:\Users\HP\anaconda3;C:\Users\HP\anaconda3\Library\mingw-w64\bin;C:\Users\HP\anaconda3\Library\usr\bin;C:\Users\HP\anaconda3\Library\bin;C:\Users\HP\anaconda3\Scripts;C:\Users\HP\AppData\Local\Microsoft\WindowsApps;C:\Users\HP\AppData\Roaming\npm;C:\Users\HP\AppData\Local\Programs\Microsoft VS Code\bin;C:\msys64\mingw64\bin;C:\Program Files (x86)\Brackets\;C:\Program Files\JetBrains\PyCharm Community Edition 2022.1\bin;;F:\Robot_session\driver\chromedriver_win32'.</msg>
<status status="PASS" starttime="20220506 15:33:06.722" endtime="20220506 15:33:06.723"/>
</kw>
<kw name="Open Browser" library="SeleniumLibrary">
<arg>url=https://netbanking.hdfcbank.com/netbanking/</arg>
<arg>browser=chrome</arg>
<doc>Opens a new browser instance to the optional ``url``.</doc>
<msg timestamp="20220506 15:33:06.724" level="INFO">Opening browser 'chrome' to base url 'https://netbanking.hdfcbank.com/netbanking/'.</msg>
<status status="PASS" starttime="20220506 15:33:06.723" endtime="20220506 15:33:12.446"/>
</kw>
<kw name="Maximize Browser Window" library="SeleniumLibrary">
<doc>Maximizes current browser window.</doc>
<status status="PASS" starttime="20220506 15:33:12.451" endtime="20220506 15:33:12.673"/>
</kw>
<kw name="Set Selenium Implicit Wait" library="SeleniumLibrary">
<arg>30s</arg>
<doc>Sets the implicit wait value used by Selenium.</doc>
<status status="PASS" starttime="20220506 15:33:12.674" endtime="20220506 15:33:12.677"/>
</kw>
<kw name="Go To" library="SeleniumLibrary">
<arg>url=https://netbanking.hdfcbank.com/netbanking/IpinResetUsingOTP.htm</arg>
<doc>Navigates the current browser window to the provided ``url``.</doc>
<msg timestamp="20220506 15:33:12.679" level="INFO">Opening url 'https://netbanking.hdfcbank.com/netbanking/IpinResetUsingOTP.htm'</msg>
<status status="PASS" starttime="20220506 15:33:12.678" endtime="20220506 15:33:13.144"/>
</kw>
<kw name="Click Element" library="SeleniumLibrary">
<arg>xpath=//img[@alt='Go']</arg>
<doc>Click the element identified by ``locator``.</doc>
<msg timestamp="20220506 15:33:13.146" level="INFO">Clicking element 'xpath=//img[@alt='Go']'.</msg>
<status status="PASS" starttime="20220506 15:33:13.145" endtime="20220506 15:33:13.334"/>
</kw>
<kw name="Handle Alert" library="SeleniumLibrary">
<var>${alert_text}</var>
<arg>action=ACCEPT</arg>
<doc>Handles the current alert and returns its message.</doc>
<msg timestamp="20220506 15:33:13.337" level="INFO">HANDLE::&lt;class 'NoneType'&gt;::None</msg>
<msg timestamp="20220506 15:33:13.351" level="INFO">${alert_text} = Customer ID  cannot be left blank.</msg>
<status status="PASS" starttime="20220506 15:33:13.337" endtime="20220506 15:33:13.352"/>
</kw>
<kw name="Log To Console" library="BuiltIn">
<arg>${alert_text}</arg>
<doc>Logs the given message to the console.</doc>
<status status="PASS" starttime="20220506 15:33:13.385" endtime="20220506 15:33:13.394"/>
</kw>
<kw name="Log" library="BuiltIn">
<arg>${alert_text}</arg>
<doc>Logs the given message with the given level.</doc>
<msg timestamp="20220506 15:33:13.396" level="INFO">Customer ID  cannot be left blank.</msg>
<status status="PASS" starttime="20220506 15:33:13.395" endtime="20220506 15:33:13.396"/>
</kw>
<status status="PASS" starttime="20220506 15:33:06.721" endtime="20220506 15:33:13.397"/>
</test>
<status status="PASS" starttime="20220506 15:33:05.841" endtime="20220506 15:33:13.401"/>
</suite>
<statistics>
<total>
<stat pass="1" fail="0" skip="0">All Tests</stat>
</total>
<tag>
</tag>
<suite>
<stat pass="1" fail="0" skip="0" id="s1" name="Demo8 Alert Suite">Demo8 Alert Suite</stat>
</suite>
</statistics>
<errors>
</errors>
</robot>
