<?xml version="1.0" encoding="UTF-8"?>
<robot generator="Robot 5.0 (Python 3.10.4 on win32)" generated="20220506 12:27:20.206" rpa="false" schemaversion="3">
<suite id="s1" name="Demo5 Suite" source="F:\Robot_session\Robot_Project\Selenium_suite\demo5_suite.robot">
<test id="s1-t1" name="Tc1" line="9">
<kw name="Append To Environment Variable" library="OperatingSystem">
<arg>path</arg>
<arg>F:\\Robot_session\\driver\\chromedriver_win32</arg>
<doc>Appends given ``values`` to environment variable ``name``.</doc>
<msg timestamp="20220506 12:27:20.934" level="INFO">Environment variable 'path' set to value 'C:\Windows\system32;C:\Windows;C:\Windows\System32\Wbem;C:\Windows\System32\WindowsPowerShell\v1.0\;C:\Windows\System32\OpenSSH\;C:\Program Files\nodejs\;E:\Software\jdk-17.0.2\bin;C:\Program Files\Git\cmd;C:\MinGW\bin;C;C:\Users\HP\AppData\Local\Programs\Python\Python310;C:\Users\HP\AppData\Local\Programs\Python\Python310\Scripts;C:\Users\HP\AppData\Local\Programs\Python\Python310\Scripts\;C:\Users\HP\AppData\Local\Programs\Python\Python310\;C:\Users\HP\anaconda3;C:\Users\HP\anaconda3\Library\mingw-w64\bin;C:\Users\HP\anaconda3\Library\usr\bin;C:\Users\HP\anaconda3\Library\bin;C:\Users\HP\anaconda3\Scripts;C:\Users\HP\AppData\Local\Microsoft\WindowsApps;C:\Users\HP\AppData\Roaming\npm;C:\Users\HP\AppData\Local\Programs\Microsoft VS Code\bin;C:\msys64\mingw64\bin;C:\Program Files (x86)\Brackets\;C:\Program Files\JetBrains\PyCharm Community Edition 2022.1\bin;;F:\Robot_session\driver\chromedriver_win32'.</msg>
<status status="PASS" starttime="20220506 12:27:20.934" endtime="20220506 12:27:20.934"/>
</kw>
<kw name="Open Browser" library="SeleniumLibrary">
<arg>url=https://www.medibuddy.in/</arg>
<arg>browser=chrome</arg>
<doc>Opens a new browser instance to the optional ``url``.</doc>
<msg timestamp="20220506 12:27:20.935" level="INFO">Opening browser 'chrome' to base url 'https://www.medibuddy.in/'.</msg>
<status status="PASS" starttime="20220506 12:27:20.935" endtime="20220506 12:27:26.439"/>
</kw>
<kw name="Maximize Browser Window" library="SeleniumLibrary">
<doc>Maximizes current browser window.</doc>
<status status="PASS" starttime="20220506 12:27:26.440" endtime="20220506 12:27:26.672"/>
</kw>
<kw name="Set Selenium Implicit Wait" library="SeleniumLibrary">
<arg>30s</arg>
<doc>Sets the implicit wait value used by Selenium.</doc>
<status status="PASS" starttime="20220506 12:27:26.684" endtime="20220506 12:27:26.691"/>
</kw>
<kw name="Go To" library="SeleniumLibrary">
<arg>url=https://www.medibuddy.in/</arg>
<doc>Navigates the current browser window to the provided ``url``.</doc>
<msg timestamp="20220506 12:27:26.703" level="INFO">Opening url 'https://www.medibuddy.in/'</msg>
<status status="PASS" starttime="20220506 12:27:26.703" endtime="20220506 12:27:28.066"/>
</kw>
<kw name="Click Element" library="SeleniumLibrary">
<arg>id=wzrk-cancel</arg>
<doc>Click the element identified by ``locator``.</doc>
<msg timestamp="20220506 12:27:28.067" level="INFO">Clicking element 'id=wzrk-cancel'.</msg>
<status status="PASS" starttime="20220506 12:27:28.067" endtime="20220506 12:27:38.769"/>
</kw>
<kw name="Click Element" library="SeleniumLibrary">
<arg>link=For Employer</arg>
<doc>Click the element identified by ``locator``.</doc>
<msg timestamp="20220506 12:27:38.771" level="INFO">Clicking element 'link=For Employer'.</msg>
<status status="PASS" starttime="20220506 12:27:38.770" endtime="20220506 12:27:39.369"/>
</kw>
<kw name="Log Title" library="SeleniumLibrary">
<doc>Logs and returns the title of the current page.</doc>
<msg timestamp="20220506 12:27:39.405" level="INFO">Book Health Checks, Lab tests, Online Medicine &amp; Doctor Consultation | MediBuddy</msg>
<status status="PASS" starttime="20220506 12:27:39.370" endtime="20220506 12:27:39.405"/>
</kw>
<kw name="Switch Window" library="SeleniumLibrary">
<arg>MediBuddy LaunchPad</arg>
<doc>Switches to browser window matching ``locator``.</doc>
<status status="PASS" starttime="20220506 12:27:39.406" endtime="20220506 12:27:44.361"/>
</kw>
<kw name="Input Text" library="SeleniumLibrary">
<arg>id=getInTouchName</arg>
<arg>Anchal</arg>
<doc>Types the given ``text`` into the text field identified by ``locator``.</doc>
<msg timestamp="20220506 12:27:44.364" level="INFO">Typing text 'Anchal' into text field 'id=getInTouchName'.</msg>
<status status="PASS" starttime="20220506 12:27:44.363" endtime="20220506 12:27:44.913"/>
</kw>
<kw name="Input Text" library="SeleniumLibrary">
<arg>name=getInTouchEmail</arg>
<arg>anchal15121999@gmail.com</arg>
<doc>Types the given ``text`` into the text field identified by ``locator``.</doc>
<msg timestamp="20220506 12:27:44.915" level="INFO">Typing text 'anchal15121999@gmail.com' into text field 'name=getInTouchEmail'.</msg>
<status status="PASS" starttime="20220506 12:27:44.914" endtime="20220506 12:27:45.238"/>
</kw>
<kw name="Input Text" library="SeleniumLibrary">
<arg>name=getInTouchMobile</arg>
<arg>8107520351</arg>
<doc>Types the given ``text`` into the text field identified by ``locator``.</doc>
<msg timestamp="20220506 12:27:45.239" level="INFO">Typing text '8107520351' into text field 'name=getInTouchMobile'.</msg>
<status status="PASS" starttime="20220506 12:27:45.239" endtime="20220506 12:27:45.737"/>
</kw>
<kw name="Input Text" library="SeleniumLibrary">
<arg>name=getInTouchDesignation</arg>
<arg>Trainer</arg>
<doc>Types the given ``text`` into the text field identified by ``locator``.</doc>
<msg timestamp="20220506 12:27:45.739" level="INFO">Typing text 'Trainer' into text field 'name=getInTouchDesignation'.</msg>
<status status="PASS" starttime="20220506 12:27:45.738" endtime="20220506 12:27:46.035"/>
</kw>
<kw name="Input Text" library="SeleniumLibrary">
<arg>name=getInTouchEmpCount</arg>
<arg>40</arg>
<doc>Types the given ``text`` into the text field identified by ``locator``.</doc>
<msg timestamp="20220506 12:27:46.038" level="INFO">Typing text '40' into text field 'name=getInTouchEmpCount'.</msg>
<status status="PASS" starttime="20220506 12:27:46.037" endtime="20220506 12:27:46.456"/>
</kw>
<kw name="Click Element" library="SeleniumLibrary">
<arg>xpath=//button[Text()='Get In Touch']</arg>
<doc>Click the element identified by ``locator``.</doc>
<msg timestamp="20220506 12:27:46.457" level="INFO">Clicking element 'xpath=//button[Text()='Get In Touch']'.</msg>
<msg timestamp="20220506 12:27:46.806" level="INFO" html="true">&lt;/td&gt;&lt;/tr&gt;&lt;tr&gt;&lt;td colspan="3"&gt;&lt;a href="selenium-screenshot-43.png"&gt;&lt;img src="selenium-screenshot-43.png" width="800px"&gt;&lt;/a&gt;</msg>
<msg timestamp="20220506 12:27:46.810" level="FAIL">InvalidSelectorException: Message: invalid selector: Unable to locate an element with the xpath expression //button[Text()='Get In Touch'] because of the following error:
SyntaxError: Failed to execute 'evaluate' on 'Document': The string '//button[Text()='Get In Touch']' is not a valid XPath expression.
  (Session info: chrome=101.0.4951.54)
Stacktrace:
Backtrace:
	Ordinal0 [0x0031B8F3+2406643]
	Ordinal0 [0x002AAF31+1945393]
	Ordinal0 [0x0019C748+837448]
	Ordinal0 [0x0019F154+848212]
	Ordinal0 [0x0019F012+847890]
	Ordinal0 [0x0019F2A0+848544]
	Ordinal0 [0x001C8FF5+1019893]
	Ordinal0 [0x001C957B+1021307]
	Ordinal0 [0x001F63AC+1205164]
	Ordinal0 [0x001E42C4+1131204]
	Ordinal0 [0x001F4682+1197698]
	Ordinal0 [0x001E4096+1130646]
	Ordinal0 [0x001BE636+976438]
	Ordinal0 [0x001BF546+980294]
	GetHandleVerifier [0x00589612+2498066]
	GetHandleVerifier [0x0057C920+2445600]
	GetHandleVerifier [0x003B4F2A+579370]
	GetHandleVerifier [0x003B3D36+574774]
	Ordinal0 [0x002B1C0B+1973259]
	Ordinal0 [0x002B6688+1992328]
	Ordinal0 [0x002B6775+1992565]
	Ordinal0 [0x002BF8D1+2029777]
	BaseThreadInitThunk [0x7675FA29+25]
	RtlGetAppContainerNamedObjectPath [0x776A7A7E+286]
	RtlGetAppContainerNamedObjectPath [0x776A7A4E+238]
	(No symbol) [0x00000000]
</msg>
<status status="FAIL" starttime="20220506 12:27:46.457" endtime="20220506 12:27:46.819"/>
</kw>
<kw name="Element Text Should Be" library="SeleniumLibrary">
<arg>//div[contain(text(),'digit')]</arg>
<arg>Mobile Number should be 10 digits</arg>
<doc>Verifies that element ``locator`` contains exact the text ``expected``.</doc>
<status status="NOT RUN" starttime="20220506 12:27:46.821" endtime="20220506 12:27:46.822"/>
</kw>
<kw name="Element Should Contain" library="SeleniumLibrary">
<arg>//p</arg>
<arg>expected</arg>
<doc>Verifies that element ``locator`` contains text ``expected``.</doc>
<status status="NOT RUN" starttime="20220506 12:27:46.822" endtime="20220506 12:27:46.822"/>
</kw>
<status status="FAIL" starttime="20220506 12:27:20.932" endtime="20220506 12:27:46.823">InvalidSelectorException: Message: invalid selector: Unable to locate an element with the xpath expression //button[Text()='Get In Touch'] because of the following error:
SyntaxError: Failed to execute 'evaluate' on 'Document': The string '//button[Text()='Get In Touch']' is not a valid XPath expression.
  (Session info: chrome=101.0.4951.54)
Stacktrace:
Backtrace:
	Ordinal0 [0x0031B8F3+2406643]
	Ordinal0 [0x002AAF31+1945393]
	Ordinal0 [0x0019C748+837448]
	Ordinal0 [0x0019F154+848212]
	Ordinal0 [0x0019F012+847890]
	Ordinal0 [0x0019F2A0+848544]
	Ordinal0 [0x001C8FF5+1019893]
	Ordinal0 [0x001C957B+1021307]
	Ordinal0 [0x001F63AC+1205164]
	Ordinal0 [0x001E42C4+1131204]
	Ordinal0 [0x001F4682+1197698]
	Ordinal0 [0x001E4096+1130646]
	Ordinal0 [0x001BE636+976438]
	Ordinal0 [0x001BF546+980294]
	GetHandleVerifier [0x00589612+2498066]
	GetHandleVerifier [0x0057C920+2445600]
	GetHandleVerifier [0x003B4F2A+579370]
	GetHandleVerifier [0x003B3D36+574774]
	Ordinal0 [0x002B1C0B+1973259]
	Ordinal0 [0x002B6688+1992328]
	Ordinal0 [0x002B6775+1992565]
	Ordinal0 [0x002BF8D1+2029777]
	BaseThreadInitThunk [0x7675FA29+25]
	RtlGetAppContainerNamedObjectPath [0x776A7A7E+286]
	RtlGetAppContainerNamedObjectPath [0x776A7A4E+238]
	(No symbol) [0x00000000]
</status>
</test>
<status status="FAIL" starttime="20220506 12:27:20.215" endtime="20220506 12:27:46.831"/>
</suite>
<statistics>
<total>
<stat pass="0" fail="1" skip="0">All Tests</stat>
</total>
<tag>
</tag>
<suite>
<stat pass="0" fail="1" skip="0" id="s1" name="Demo5 Suite">Demo5 Suite</stat>
</suite>
</statistics>
<errors>
</errors>
</robot>
